Determining if the pthread_create exist failed with the following output:
Change Dir: /home/subodh/arducopter_ws/src/pose_publisher_single/cmake-build-debug/CMakeFiles/CMakeTmp

Run Build Command:"/usr/bin/make" "cmTC_6e569/fast"
/usr/bin/make -f CMakeFiles/cmTC_6e569.dir/build.make CMakeFiles/cmTC_6e569.dir/build
make[1]: Entering directory '/home/subodh/arducopter_ws/src/pose_publisher_single/cmake-build-debug/CMakeFiles/CMakeTmp'
Building C object CMakeFiles/cmTC_6e569.dir/CheckSymbolExists.c.o
/usr/bin/cc    -o CMakeFiles/cmTC_6e569.dir/CheckSymbolExists.c.o   -c /home/subodh/arducopter_ws/src/pose_publisher_single/cmake-build-debug/CMakeFiles/CMakeTmp/CheckSymbolExists.c
Linking C executable cmTC_6e569
/snap/clion/38/bin/cmake/linux/bin/cmake -E cmake_link_script CMakeFiles/cmTC_6e569.dir/link.txt --verbose=1
/usr/bin/cc      -rdynamic CMakeFiles/cmTC_6e569.dir/CheckSymbolExists.c.o  -o cmTC_6e569 
CMakeFiles/cmTC_6e569.dir/CheckSymbolExists.c.o: In function `main':
CheckSymbolExists.c:(.text+0x16): undefined reference to `pthread_create'
collect2: error: ld returned 1 exit status
CMakeFiles/cmTC_6e569.dir/build.make:86: recipe for target 'cmTC_6e569' failed
make[1]: *** [cmTC_6e569] Error 1
make[1]: Leaving directory '/home/subodh/arducopter_ws/src/pose_publisher_single/cmake-build-debug/CMakeFiles/CMakeTmp'
Makefile:121: recipe for target 'cmTC_6e569/fast' failed
make: *** [cmTC_6e569/fast] Error 2

File /home/subodh/arducopter_ws/src/pose_publisher_single/cmake-build-debug/CMakeFiles/CMakeTmp/CheckSymbolExists.c:
/* */
#include <pthread.h>

int main(int argc, char** argv)
{
  (void)argv;
#ifndef pthread_create
  return ((int*)(&pthread_create))[argc];
#else
  (void)argc;
  return 0;
#endif
}

Determining if the function pthread_create exists in the pthreads failed with the following output:
Change Dir: /home/subodh/arducopter_ws/src/pose_publisher_single/cmake-build-debug/CMakeFiles/CMakeTmp

Run Build Command:"/usr/bin/make" "cmTC_12bee/fast"
/usr/bin/make -f CMakeFiles/cmTC_12bee.dir/build.make CMakeFiles/cmTC_12bee.dir/build
make[1]: Entering directory '/home/subodh/arducopter_ws/src/pose_publisher_single/cmake-build-debug/CMakeFiles/CMakeTmp'
Building C object CMakeFiles/cmTC_12bee.dir/CheckFunctionExists.c.o
/usr/bin/cc   -DCHECK_FUNCTION_EXISTS=pthread_create   -o CMakeFiles/cmTC_12bee.dir/CheckFunctionExists.c.o   -c /snap/clion/38/bin/cmake/linux/share/cmake-3.12/Modules/CheckFunctionExists.c
Linking C executable cmTC_12bee
/snap/clion/38/bin/cmake/linux/bin/cmake -E cmake_link_script CMakeFiles/cmTC_12bee.dir/link.txt --verbose=1
/usr/bin/cc  -DCHECK_FUNCTION_EXISTS=pthread_create    -rdynamic CMakeFiles/cmTC_12bee.dir/CheckFunctionExists.c.o  -o cmTC_12bee -lpthreads 
/usr/bin/ld: cannot find -lpthreads
collect2: error: ld returned 1 exit status
CMakeFiles/cmTC_12bee.dir/build.make:86: recipe for target 'cmTC_12bee' failed
make[1]: *** [cmTC_12bee] Error 1
make[1]: Leaving directory '/home/subodh/arducopter_ws/src/pose_publisher_single/cmake-build-debug/CMakeFiles/CMakeTmp'
Makefile:121: recipe for target 'cmTC_12bee/fast' failed
make: *** [cmTC_12bee/fast] Error 2


